{
  "stats": {
    "suites": 1,
    "tests": 10,
    "passes": 10,
    "pending": 0,
    "failures": 0,
    "start": "2024-04-11T03:32:24.734Z",
    "end": "2024-04-11T03:32:58.374Z",
    "duration": 33640,
    "testsRegistered": 10,
    "passPercent": 100,
    "pendingPercent": 0,
    "other": 0,
    "hasOther": false,
    "skipped": 0,
    "hasSkipped": false
  },
  "results": [
    {
      "uuid": "b9416074-37b9-481f-9dc8-f912b1399511",
      "title": "",
      "fullFile": "D:\\WebDevProjects\\TestSuites\\GameExplorerE2E\\tests\\homePageLayout.test.ts",
      "file": "\\tests\\homePageLayout.test.ts",
      "beforeHooks": [],
      "afterHooks": [],
      "tests": [],
      "suites": [
        {
          "uuid": "db46ef73-3dd0-493f-ba49-e0ff0d9110d2",
          "title": "Overall page layout test suite",
          "fullFile": "D:\\WebDevProjects\\TestSuites\\GameExplorerE2E\\tests\\homePageLayout.test.ts",
          "file": "\\tests\\homePageLayout.test.ts",
          "beforeHooks": [
            {
              "title": "\"before each\" hook in \"Overall page layout test suite\"",
              "fullTitle": "Overall page layout test suite \"before each\" hook in \"Overall page layout test suite\"",
              "timedOut": false,
              "duration": 1422,
              "state": null,
              "speed": null,
              "pass": false,
              "fail": false,
              "pending": false,
              "context": null,
              "code": "driver=await initialChromeStartup()",
              "err": {},
              "uuid": "f6adb6f9-3895-4886-b9bc-8fc5061eb13b",
              "parentUUID": "db46ef73-3dd0-493f-ba49-e0ff0d9110d2",
              "isHook": true,
              "skipped": false
            }
          ],
          "afterHooks": [
            {
              "title": "\"after each\" hook in \"Overall page layout test suite\"",
              "fullTitle": "Overall page layout test suite \"after each\" hook in \"Overall page layout test suite\"",
              "timedOut": false,
              "duration": 1036,
              "state": null,
              "speed": null,
              "pass": false,
              "fail": false,
              "pending": false,
              "context": null,
              "code": "await driver.sleep(1e3);await driver.quit()",
              "err": {},
              "uuid": "ae8241a3-39c7-4ceb-960d-7d19fee3b6c9",
              "parentUUID": "db46ef73-3dd0-493f-ba49-e0ff0d9110d2",
              "isHook": true,
              "skipped": false
            }
          ],
          "tests": [
            {
              "title": "Page title is correct",
              "fullTitle": "Overall page layout test suite Page title is correct",
              "timedOut": false,
              "duration": 31,
              "state": "passed",
              "speed": "fast",
              "pass": true,
              "fail": false,
              "pending": false,
              "context": null,
              "code": "const title=await driver.getTitle();title.should.equal(\"Game Explorer\")",
              "err": {},
              "uuid": "cb2951f1-f8ea-45a1-826b-6b7ed70cbfe9",
              "parentUUID": "db46ef73-3dd0-493f-ba49-e0ff0d9110d2",
              "isHook": false,
              "skipped": false
            },
            {
              "title": "Page header is correct",
              "fullTitle": "Overall page layout test suite Page header is correct",
              "timedOut": false,
              "duration": 43,
              "state": "passed",
              "speed": "medium",
              "pass": true,
              "fail": false,
              "pending": false,
              "context": null,
              "code": "const header=await getPageHeader(driver);header.should.equal(\"Games\")",
              "err": {},
              "uuid": "959fd57f-9c7e-4327-a1d7-25de4cd003b2",
              "parentUUID": "db46ef73-3dd0-493f-ba49-e0ff0d9110d2",
              "isHook": false,
              "skipped": false
            },
            {
              "title": "Page logo is present and interactable",
              "fullTitle": "Overall page layout test suite Page logo is present and interactable",
              "timedOut": false,
              "duration": 287,
              "state": "passed",
              "speed": "slow",
              "pass": true,
              "fail": false,
              "pending": false,
              "context": null,
              "code": "const logo=await driver.findElement(By.css(\"nav.css-134xcib a\"));await driver.wait(until.elementIsVisible(logo),1e4);await logo.click();const currentURL=await driver.getCurrentUrl();currentURL.should.equal(\"https://game-explorer-lac-sigma.vercel.app/\")",
              "err": {},
              "uuid": "916dcf3d-74b5-4bfd-8127-b8a1ac41acaf",
              "parentUUID": "db46ef73-3dd0-493f-ba49-e0ff0d9110d2",
              "isHook": false,
              "skipped": false
            },
            {
              "title": "Dark / Light mode switch",
              "fullTitle": "Overall page layout test suite Dark / Light mode switch",
              "timedOut": false,
              "duration": 102,
              "state": "passed",
              "speed": "slow",
              "pass": true,
              "fail": false,
              "pending": false,
              "context": null,
              "code": "const modeSwitch=await driver.findElement(By.css(\"nav.css-134xcib button\"));const initialColor=await getRGBcode(driver);await driver.wait(until.elementIsVisible(modeSwitch),1e4);await modeSwitch.click();const newColor=await getRGBcode(driver);if(initialColor===\"26, 32, 44\")newColor.should.equal(\"255, 255, 255\");else newColor.should.equal(\"26, 32, 44\")",
              "err": {},
              "uuid": "7a64f9c3-de86-405b-b561-755c8d5179a2",
              "parentUUID": "db46ef73-3dd0-493f-ba49-e0ff0d9110d2",
              "isHook": false,
              "skipped": false
            },
            {
              "title": "Game grid is populated",
              "fullTitle": "Overall page layout test suite Game grid is populated",
              "timedOut": false,
              "duration": 1139,
              "state": "passed",
              "speed": "slow",
              "pass": true,
              "fail": false,
              "pending": false,
              "context": null,
              "code": "const gameGrid=await getGameCards(driver);gameGrid.forEach(async card=>{const href=await card.getAttribute(\"href\");href.should.not.equal(\"\")})",
              "err": {},
              "uuid": "3023bad6-887c-4e2f-989b-8b186a281315",
              "parentUUID": "db46ef73-3dd0-493f-ba49-e0ff0d9110d2",
              "isHook": false,
              "skipped": false
            },
            {
              "title": "Genres list is present and includes all expected game genres",
              "fullTitle": "Overall page layout test suite Genres list is present and includes all expected game genres",
              "timedOut": false,
              "duration": 130,
              "state": "passed",
              "speed": "slow",
              "pass": true,
              "fail": false,
              "pending": false,
              "context": null,
              "code": "let genresArray=[];const genres=await getGenresArray(driver);for(let genre of genres){const genreText=await genre.getText();genresArray.push(genreText)}genresArray.should.have.same.deep.members(GENRES)",
              "err": {},
              "uuid": "78b0f3ae-fba2-45e2-9732-fdefd04f92a6",
              "parentUUID": "db46ef73-3dd0-493f-ba49-e0ff0d9110d2",
              "isHook": false,
              "skipped": false
            },
            {
              "title": "Platform dropdown is interactable and contains all the expected platforms",
              "fullTitle": "Overall page layout test suite Platform dropdown is interactable and contains all the expected platforms",
              "timedOut": false,
              "duration": 180,
              "state": "passed",
              "speed": "slow",
              "pass": true,
              "fail": false,
              "pending": false,
              "context": null,
              "code": "let platforms=[];const platformList=await getPlatformsArray(driver);for(let platform of platformList){if(await platform.getText()!=\"\")platforms.push(await platform.getText())}platforms.should.have.same.deep.members(PLATFORMS)",
              "err": {},
              "uuid": "f15cc38f-bd13-46c3-937f-b30da4732343",
              "parentUUID": "db46ef73-3dd0-493f-ba49-e0ff0d9110d2",
              "isHook": false,
              "skipped": false
            },
            {
              "title": "Ordering dropdown is interactable and contains all the expected ordering options",
              "fullTitle": "Overall page layout test suite Ordering dropdown is interactable and contains all the expected ordering options",
              "timedOut": false,
              "duration": 108,
              "state": "passed",
              "speed": "slow",
              "pass": true,
              "fail": false,
              "pending": false,
              "context": null,
              "code": "let orders=[];const orderByList=await getOrderArray(driver);for(let order of orderByList){orders.push(await order.getText())}orders.should.have.same.deep.members(ORDERING)",
              "err": {},
              "uuid": "61501c06-8d61-4ab5-8d55-0e30d65f19b4",
              "parentUUID": "db46ef73-3dd0-493f-ba49-e0ff0d9110d2",
              "isHook": false,
              "skipped": false
            },
            {
              "title": "Search bar accepts user input and its value correctly updates",
              "fullTitle": "Overall page layout test suite Search bar accepts user input and its value correctly updates",
              "timedOut": false,
              "duration": 81,
              "state": "passed",
              "speed": "slow",
              "pass": true,
              "fail": false,
              "pending": false,
              "context": null,
              "code": "const searchBar=await getSearchBar(driver);await searchBar.sendKeys(\"Test string\");const inputValue=await searchBar.getAttribute(\"value\");inputValue.should.equal(\"Test string\")",
              "err": {},
              "uuid": "46e4b746-c365-4ea5-878c-8b1405f862ea",
              "parentUUID": "db46ef73-3dd0-493f-ba49-e0ff0d9110d2",
              "isHook": false,
              "skipped": false
            },
            {
              "title": "Infinite scrolling fetching",
              "fullTitle": "Overall page layout test suite Infinite scrolling fetching",
              "timedOut": false,
              "duration": 7137,
              "state": "passed",
              "speed": "slow",
              "pass": true,
              "fail": false,
              "pending": false,
              "context": null,
              "code": "async function scrollAndCheckGrid(){const timeout=2e4;const initialGrid=await getGameCards(driver);await driver.executeScript(\"window.scrollBy(0, 2000);\");await driver.wait(async function(){const afterScrollGrid=await getGameCards(driver);return initialGrid.length<afterScrollGrid.length},timeout);return true}__name(scrollAndCheckGrid,\"scrollAndCheckGrid\");for(let i=0;i<4;i++){let countResult=await scrollAndCheckGrid();countResult.should.be.true;await driver.sleep(1e3)}",
              "err": {},
              "uuid": "5a540ae8-6466-4cc7-b704-3876986176da",
              "parentUUID": "db46ef73-3dd0-493f-ba49-e0ff0d9110d2",
              "isHook": false,
              "skipped": false
            }
          ],
          "suites": [],
          "passes": [
            "cb2951f1-f8ea-45a1-826b-6b7ed70cbfe9",
            "959fd57f-9c7e-4327-a1d7-25de4cd003b2",
            "916dcf3d-74b5-4bfd-8127-b8a1ac41acaf",
            "7a64f9c3-de86-405b-b561-755c8d5179a2",
            "3023bad6-887c-4e2f-989b-8b186a281315",
            "78b0f3ae-fba2-45e2-9732-fdefd04f92a6",
            "f15cc38f-bd13-46c3-937f-b30da4732343",
            "61501c06-8d61-4ab5-8d55-0e30d65f19b4",
            "46e4b746-c365-4ea5-878c-8b1405f862ea",
            "5a540ae8-6466-4cc7-b704-3876986176da"
          ],
          "failures": [],
          "pending": [],
          "skipped": [],
          "duration": 9238,
          "root": false,
          "rootEmpty": false,
          "_timeout": 0
        }
      ],
      "passes": [],
      "failures": [],
      "pending": [],
      "skipped": [],
      "duration": 0,
      "root": true,
      "rootEmpty": true,
      "_timeout": 0
    }
  ],
  "meta": {
    "mocha": {
      "version": "10.3.0"
    },
    "mochawesome": {
      "options": {
        "quiet": false,
        "reportFilename": "testReport",
        "saveHtml": true,
        "saveJson": true,
        "consoleReporter": "spec",
        "useInlineDiffs": false,
        "code": true
      },
      "version": "7.1.3"
    },
    "marge": {
      "options": {
        "reportDir": "./reports/",
        "reportFilename": "testReport"
      },
      "version": "6.2.0"
    }
  }
}