{
  "stats": {
    "suites": 1,
    "tests": 1,
    "passes": 1,
    "pending": 0,
    "failures": 0,
    "start": "2024-03-22T06:18:36.982Z",
    "end": "2024-03-22T06:18:39.551Z",
    "duration": 2569,
    "testsRegistered": 1,
    "passPercent": 100,
    "pendingPercent": 0,
    "other": 0,
    "hasOther": false,
    "skipped": 0,
    "hasSkipped": false
  },
  "results": [
    {
      "uuid": "b1d7f8bd-4e41-4bda-9c14-a9ccfad00bf2",
      "title": "",
      "fullFile": "D:\\Learning\\TestAutomation\\Gamehub\\tests\\homePageLayout.test.ts",
      "file": "\\tests\\homePageLayout.test.ts",
      "beforeHooks": [],
      "afterHooks": [],
      "tests": [],
      "suites": [
        {
          "uuid": "9d9771a2-7940-485f-b86f-ef78ae63d090",
          "title": "Overall page layout test suite",
          "fullFile": "D:\\Learning\\TestAutomation\\Gamehub\\tests\\homePageLayout.test.ts",
          "file": "\\tests\\homePageLayout.test.ts",
          "beforeHooks": [
            {
              "title": "\"before each\" hook in \"Overall page layout test suite\"",
              "fullTitle": "Overall page layout test suite \"before each\" hook in \"Overall page layout test suite\"",
              "timedOut": false,
              "duration": 1376,
              "state": null,
              "speed": null,
              "pass": false,
              "fail": false,
              "pending": false,
              "context": null,
              "code": "driver=await new Builder().forBrowser(Browser.CHROME).build();await driver.manage().window().maximize();await driver.get(\"https://game-hub-lac-sigma.vercel.app/\")",
              "err": {},
              "uuid": "28ae2847-e342-484c-b543-a250f080be75",
              "parentUUID": "9d9771a2-7940-485f-b86f-ef78ae63d090",
              "isHook": true,
              "skipped": false
            }
          ],
          "afterHooks": [
            {
              "title": "\"after each\" hook in \"Overall page layout test suite\"",
              "fullTitle": "Overall page layout test suite \"after each\" hook in \"Overall page layout test suite\"",
              "timedOut": false,
              "duration": 1039,
              "state": null,
              "speed": null,
              "pass": false,
              "fail": false,
              "pending": false,
              "context": null,
              "code": "await driver.sleep(1e3);await driver.quit()",
              "err": {},
              "uuid": "114c50c7-875c-4f9e-a450-9d788a4b4653",
              "parentUUID": "9d9771a2-7940-485f-b86f-ef78ae63d090",
              "isHook": true,
              "skipped": false
            }
          ],
          "tests": [
            {
              "title": "Genres list is present",
              "fullTitle": "Overall page layout test suite Genres list is present",
              "timedOut": false,
              "duration": 149,
              "state": "passed",
              "speed": "slow",
              "pass": true,
              "fail": false,
              "pending": false,
              "context": null,
              "code": "const genresList=await driver.wait(until.elementLocated(By.css(\".css-19hjr83\")),5e3);const genres=await genresList.findElements(By.css(\"li\"));for(let genre of genres){const genreText=await genre.getText();console.log(genreText);genreText.should.not.equal(\"\")}",
              "err": {},
              "uuid": "cee07e67-04f5-4c5f-b3f0-63b76f94cc8e",
              "parentUUID": "9d9771a2-7940-485f-b86f-ef78ae63d090",
              "isHook": false,
              "skipped": false
            }
          ],
          "suites": [],
          "passes": [
            "cee07e67-04f5-4c5f-b3f0-63b76f94cc8e"
          ],
          "failures": [],
          "pending": [],
          "skipped": [],
          "duration": 149,
          "root": false,
          "rootEmpty": false,
          "_timeout": 0
        }
      ],
      "passes": [],
      "failures": [],
      "pending": [],
      "skipped": [],
      "duration": 0,
      "root": true,
      "rootEmpty": true,
      "_timeout": 0
    }
  ],
  "meta": {
    "mocha": {
      "version": "10.3.0"
    },
    "mochawesome": {
      "options": {
        "quiet": false,
        "reportFilename": "testReport",
        "saveHtml": true,
        "saveJson": true,
        "consoleReporter": "spec",
        "useInlineDiffs": false,
        "code": true
      },
      "version": "7.1.3"
    },
    "marge": {
      "options": {
        "reportDir": "./reports/",
        "reportFilename": "testReport"
      },
      "version": "6.2.0"
    }
  }
}