{
  "stats": {
    "suites": 1,
    "tests": 1,
    "passes": 1,
    "pending": 0,
    "failures": 0,
    "start": "2024-03-25T21:45:56.042Z",
    "end": "2024-03-25T21:46:00.482Z",
    "duration": 4440,
    "testsRegistered": 1,
    "passPercent": 100,
    "pendingPercent": 0,
    "other": 0,
    "hasOther": false,
    "skipped": 0,
    "hasSkipped": false
  },
  "results": [
    {
      "uuid": "b6f4aff2-795e-44e2-85d4-bd41d5415ff1",
      "title": "",
      "fullFile": "D:\\Learning\\TestAutomation\\Gamehub\\tests\\gamePages.test.ts",
      "file": "\\tests\\gamePages.test.ts",
      "beforeHooks": [],
      "afterHooks": [],
      "tests": [],
      "suites": [
        {
          "uuid": "d2b1648a-1c05-4bcd-92f6-84c7421a5549",
          "title": "Individual game pages",
          "fullFile": "D:\\Learning\\TestAutomation\\Gamehub\\tests\\gamePages.test.ts",
          "file": "\\tests\\gamePages.test.ts",
          "beforeHooks": [
            {
              "title": "\"before each\" hook in \"Individual game pages\"",
              "fullTitle": "Individual game pages \"before each\" hook in \"Individual game pages\"",
              "timedOut": false,
              "duration": 1642,
              "state": null,
              "speed": null,
              "pass": false,
              "fail": false,
              "pending": false,
              "context": null,
              "code": "driver=await new Builder().forBrowser(Browser.CHROME).build();await driver.manage().window().maximize();await driver.get(\"https://game-hub-lac-sigma.vercel.app/\")",
              "err": {},
              "uuid": "82d74b89-8178-43f6-945a-2a4a78844660",
              "parentUUID": "d2b1648a-1c05-4bcd-92f6-84c7421a5549",
              "isHook": true,
              "skipped": false
            }
          ],
          "afterHooks": [
            {
              "title": "\"after each\" hook in \"Individual game pages\"",
              "fullTitle": "Individual game pages \"after each\" hook in \"Individual game pages\"",
              "timedOut": false,
              "duration": 1069,
              "state": null,
              "speed": null,
              "pass": false,
              "fail": false,
              "pending": false,
              "context": null,
              "code": "await driver.sleep(1e3);await driver.quit()",
              "err": {},
              "uuid": "be97b1f3-c28d-4f38-9fe6-b0e494164a29",
              "parentUUID": "d2b1648a-1c05-4bcd-92f6-84c7421a5549",
              "isHook": true,
              "skipped": false
            }
          ],
          "tests": [
            {
              "title": "Publishers are displayed",
              "fullTitle": "Individual game pages Publishers are displayed",
              "timedOut": false,
              "duration": 1726,
              "state": "passed",
              "speed": "slow",
              "pass": true,
              "fail": false,
              "pending": false,
              "context": null,
              "code": "let gameGrid=await getGameCards(driver);for(let i=0;i<gamesToCheck;i++){await gameGrid[i].click();const dataList=await driver.wait(until.elementsLocated(By.css(\"dl > div:nth-child(4) p\")));let publishers=[];for(let publisher of dataList){publishers.push(await publisher.getText())}publishers.should.not.be.empty;const logo=await driver.findElement(By.css(\"nav.css-134xcib a\"));await logo.click();gameGrid=await driver.wait(until.elementsLocated(By.css(\".css-1hmna4a a\")),2e4)}",
              "err": {},
              "uuid": "73fc7340-8627-4306-807b-76804c4e786c",
              "parentUUID": "d2b1648a-1c05-4bcd-92f6-84c7421a5549",
              "isHook": false,
              "skipped": false
            }
          ],
          "suites": [],
          "passes": [
            "73fc7340-8627-4306-807b-76804c4e786c"
          ],
          "failures": [],
          "pending": [],
          "skipped": [],
          "duration": 1726,
          "root": false,
          "rootEmpty": false,
          "_timeout": 0
        }
      ],
      "passes": [],
      "failures": [],
      "pending": [],
      "skipped": [],
      "duration": 0,
      "root": true,
      "rootEmpty": true,
      "_timeout": 0
    }
  ],
  "meta": {
    "mocha": {
      "version": "10.3.0"
    },
    "mochawesome": {
      "options": {
        "quiet": false,
        "reportFilename": "testReport",
        "saveHtml": true,
        "saveJson": true,
        "consoleReporter": "spec",
        "useInlineDiffs": false,
        "code": true
      },
      "version": "7.1.3"
    },
    "marge": {
      "options": {
        "reportDir": "./reports/",
        "reportFilename": "testReport"
      },
      "version": "6.2.0"
    }
  }
}