{
  "stats": {
    "suites": 1,
    "tests": 9,
    "passes": 9,
    "pending": 0,
    "failures": 0,
    "start": "2024-03-22T05:46:41.353Z",
    "end": "2024-03-22T05:47:04.008Z",
    "duration": 22655,
    "testsRegistered": 9,
    "passPercent": 100,
    "pendingPercent": 0,
    "other": 0,
    "hasOther": false,
    "skipped": 0,
    "hasSkipped": false
  },
  "results": [
    {
      "uuid": "1810f56f-e68b-4831-a884-69ef36162b33",
      "title": "",
      "fullFile": "D:\\Learning\\TestAutomation\\Gamehub\\tests\\homePageLayout.test.ts",
      "file": "\\tests\\homePageLayout.test.ts",
      "beforeHooks": [],
      "afterHooks": [],
      "tests": [],
      "suites": [
        {
          "uuid": "73d316f2-9823-4230-852f-a29d804e749d",
          "title": "Overall page layout test suite",
          "fullFile": "D:\\Learning\\TestAutomation\\Gamehub\\tests\\homePageLayout.test.ts",
          "file": "\\tests\\homePageLayout.test.ts",
          "beforeHooks": [
            {
              "title": "\"before each\" hook in \"Overall page layout test suite\"",
              "fullTitle": "Overall page layout test suite \"before each\" hook in \"Overall page layout test suite\"",
              "timedOut": false,
              "duration": 1271,
              "state": null,
              "speed": null,
              "pass": false,
              "fail": false,
              "pending": false,
              "context": null,
              "code": "driver=await new Builder().forBrowser(Browser.CHROME).build();await driver.get(\"https://game-hub-lac-sigma.vercel.app/\")",
              "err": {},
              "uuid": "3fbecff5-30cf-4ce5-a499-2aaf13770438",
              "parentUUID": "73d316f2-9823-4230-852f-a29d804e749d",
              "isHook": true,
              "skipped": false
            }
          ],
          "afterHooks": [
            {
              "title": "\"after each\" hook in \"Overall page layout test suite\"",
              "fullTitle": "Overall page layout test suite \"after each\" hook in \"Overall page layout test suite\"",
              "timedOut": false,
              "duration": 1033,
              "state": null,
              "speed": null,
              "pass": false,
              "fail": false,
              "pending": false,
              "context": null,
              "code": "await driver.sleep(1e3);await driver.quit()",
              "err": {},
              "uuid": "e9d3e3b8-8d55-4de8-9e5f-32171e548f66",
              "parentUUID": "73d316f2-9823-4230-852f-a29d804e749d",
              "isHook": true,
              "skipped": false
            }
          ],
          "tests": [
            {
              "title": "Page title is correct",
              "fullTitle": "Overall page layout test suite Page title is correct",
              "timedOut": false,
              "duration": 8,
              "state": "passed",
              "speed": "fast",
              "pass": true,
              "fail": false,
              "pending": false,
              "context": null,
              "code": "const title=await driver.getTitle();title.should.equal(\"Game-Hub Part-Two\")",
              "err": {},
              "uuid": "25fd15e0-27e0-456c-8179-a7c2b8c4afea",
              "parentUUID": "73d316f2-9823-4230-852f-a29d804e749d",
              "isHook": false,
              "skipped": false
            },
            {
              "title": "Page header is correct",
              "fullTitle": "Overall page layout test suite Page header is correct",
              "timedOut": false,
              "duration": 25,
              "state": "passed",
              "speed": "fast",
              "pass": true,
              "fail": false,
              "pending": false,
              "context": null,
              "code": "const header=await findPageHeader(driver);header.should.equal(\"Games\")",
              "err": {},
              "uuid": "6a5edef2-ed32-433d-9719-41656bae47f2",
              "parentUUID": "73d316f2-9823-4230-852f-a29d804e749d",
              "isHook": false,
              "skipped": false
            },
            {
              "title": "Page logo is present and interactable",
              "fullTitle": "Overall page layout test suite Page logo is present and interactable",
              "timedOut": false,
              "duration": 278,
              "state": "passed",
              "speed": "slow",
              "pass": true,
              "fail": false,
              "pending": false,
              "context": null,
              "code": "const logo=await driver.findElement(By.css(\"nav.css-134xcib a\"));await driver.wait(until.elementIsVisible(logo),1e4);await logo.click();const currentURL=await driver.getCurrentUrl();currentURL.should.equal(\"https://game-hub-lac-sigma.vercel.app/\")",
              "err": {},
              "uuid": "874ad6aa-b185-42b1-968c-c9ec6d253d53",
              "parentUUID": "73d316f2-9823-4230-852f-a29d804e749d",
              "isHook": false,
              "skipped": false
            },
            {
              "title": "Dark / Light mode switch",
              "fullTitle": "Overall page layout test suite Dark / Light mode switch",
              "timedOut": false,
              "duration": 81,
              "state": "passed",
              "speed": "slow",
              "pass": true,
              "fail": false,
              "pending": false,
              "context": null,
              "code": "const modeSwitch=await driver.findElement(By.css(\"nav.css-134xcib button\"));const initialColor=await getRGBcode(driver);await driver.wait(until.elementIsVisible(modeSwitch),1e4);await modeSwitch.click();const newColor=await getRGBcode(driver);if(initialColor===\"26, 32, 44\")newColor.should.equal(\"255, 255, 255\");else newColor.should.equal(\"26, 32, 44\")",
              "err": {},
              "uuid": "30848797-606e-4a49-89c2-977ac8e03577",
              "parentUUID": "73d316f2-9823-4230-852f-a29d804e749d",
              "isHook": false,
              "skipped": false
            },
            {
              "title": "Game grid is populted",
              "fullTitle": "Overall page layout test suite Game grid is populted",
              "timedOut": false,
              "duration": 1404,
              "state": "passed",
              "speed": "slow",
              "pass": true,
              "fail": false,
              "pending": false,
              "context": null,
              "code": "const gameGrid=await driver.wait(until.elementLocated(By.css(\".css-1hmna4a\")),2e4);const gameCards=await gameGrid.findElements(By.css(\"a\"));for(let card of gameCards){const href=await card.getAttribute(\"href\");href.should.not.equal(\"\")}",
              "err": {},
              "uuid": "f993f11e-5762-4388-906e-ee4c2bc389d1",
              "parentUUID": "73d316f2-9823-4230-852f-a29d804e749d",
              "isHook": false,
              "skipped": false
            },
            {
              "title": "Genres list is present",
              "fullTitle": "Overall page layout test suite Genres list is present",
              "timedOut": false,
              "duration": 0,
              "state": "passed",
              "speed": "fast",
              "pass": true,
              "fail": false,
              "pending": false,
              "context": null,
              "code": "",
              "err": {},
              "uuid": "82fa0050-6e1f-450a-8850-fc53f5e48680",
              "parentUUID": "73d316f2-9823-4230-852f-a29d804e749d",
              "isHook": false,
              "skipped": false
            },
            {
              "title": "Platform dropdown",
              "fullTitle": "Overall page layout test suite Platform dropdown",
              "timedOut": false,
              "duration": 1,
              "state": "passed",
              "speed": "fast",
              "pass": true,
              "fail": false,
              "pending": false,
              "context": null,
              "code": "",
              "err": {},
              "uuid": "ee6d160a-8492-45ff-9506-3ad160dcfe12",
              "parentUUID": "73d316f2-9823-4230-852f-a29d804e749d",
              "isHook": false,
              "skipped": false
            },
            {
              "title": "Ordering dropdown",
              "fullTitle": "Overall page layout test suite Ordering dropdown",
              "timedOut": false,
              "duration": 0,
              "state": "passed",
              "speed": "fast",
              "pass": true,
              "fail": false,
              "pending": false,
              "context": null,
              "code": "",
              "err": {},
              "uuid": "8f77ae58-9265-4869-9c5d-d6f79459c44d",
              "parentUUID": "73d316f2-9823-4230-852f-a29d804e749d",
              "isHook": false,
              "skipped": false
            },
            {
              "title": "Search bar",
              "fullTitle": "Overall page layout test suite Search bar",
              "timedOut": false,
              "duration": 0,
              "state": "passed",
              "speed": "fast",
              "pass": true,
              "fail": false,
              "pending": false,
              "context": null,
              "code": "",
              "err": {},
              "uuid": "a167436b-5de2-4ea7-94dd-29144f937af7",
              "parentUUID": "73d316f2-9823-4230-852f-a29d804e749d",
              "isHook": false,
              "skipped": false
            }
          ],
          "suites": [],
          "passes": [
            "25fd15e0-27e0-456c-8179-a7c2b8c4afea",
            "6a5edef2-ed32-433d-9719-41656bae47f2",
            "874ad6aa-b185-42b1-968c-c9ec6d253d53",
            "30848797-606e-4a49-89c2-977ac8e03577",
            "f993f11e-5762-4388-906e-ee4c2bc389d1",
            "82fa0050-6e1f-450a-8850-fc53f5e48680",
            "ee6d160a-8492-45ff-9506-3ad160dcfe12",
            "8f77ae58-9265-4869-9c5d-d6f79459c44d",
            "a167436b-5de2-4ea7-94dd-29144f937af7"
          ],
          "failures": [],
          "pending": [],
          "skipped": [],
          "duration": 1797,
          "root": false,
          "rootEmpty": false,
          "_timeout": 0
        }
      ],
      "passes": [],
      "failures": [],
      "pending": [],
      "skipped": [],
      "duration": 0,
      "root": true,
      "rootEmpty": true,
      "_timeout": 0
    }
  ],
  "meta": {
    "mocha": {
      "version": "10.3.0"
    },
    "mochawesome": {
      "options": {
        "quiet": false,
        "reportFilename": "testReport",
        "saveHtml": true,
        "saveJson": true,
        "consoleReporter": "spec",
        "useInlineDiffs": false,
        "code": true
      },
      "version": "7.1.3"
    },
    "marge": {
      "options": {
        "reportDir": "./reports/",
        "reportFilename": "testReport"
      },
      "version": "6.2.0"
    }
  }
}