{
  "stats": {
    "suites": 1,
    "tests": 1,
    "passes": 1,
    "pending": 0,
    "failures": 0,
    "start": "2024-03-25T05:06:59.264Z",
    "end": "2024-03-25T05:07:06.141Z",
    "duration": 6877,
    "testsRegistered": 1,
    "passPercent": 100,
    "pendingPercent": 0,
    "other": 0,
    "hasOther": false,
    "skipped": 0,
    "hasSkipped": false
  },
  "results": [
    {
      "uuid": "9ffca69a-adef-49f2-b74a-dca4488a0f05",
      "title": "",
      "fullFile": "D:\\Learning\\TestAutomation\\Gamehub\\tests\\homePageLayout.test.ts",
      "file": "\\tests\\homePageLayout.test.ts",
      "beforeHooks": [],
      "afterHooks": [],
      "tests": [],
      "suites": [
        {
          "uuid": "dba95c72-3172-4c10-844e-8a2504824e7c",
          "title": "Overall page layout test suite",
          "fullFile": "D:\\Learning\\TestAutomation\\Gamehub\\tests\\homePageLayout.test.ts",
          "file": "\\tests\\homePageLayout.test.ts",
          "beforeHooks": [
            {
              "title": "\"before each\" hook in \"Overall page layout test suite\"",
              "fullTitle": "Overall page layout test suite \"before each\" hook in \"Overall page layout test suite\"",
              "timedOut": false,
              "duration": 1634,
              "state": null,
              "speed": null,
              "pass": false,
              "fail": false,
              "pending": false,
              "context": null,
              "code": "driver=await new Builder().forBrowser(Browser.CHROME).build();await driver.manage().window().maximize();await driver.get(\"https://game-hub-lac-sigma.vercel.app/\")",
              "err": {},
              "uuid": "c6b2a2b1-aa25-49f9-aae3-afa33d336004",
              "parentUUID": "dba95c72-3172-4c10-844e-8a2504824e7c",
              "isHook": true,
              "skipped": false
            }
          ],
          "afterHooks": [
            {
              "title": "\"after each\" hook in \"Overall page layout test suite\"",
              "fullTitle": "Overall page layout test suite \"after each\" hook in \"Overall page layout test suite\"",
              "timedOut": false,
              "duration": 1033,
              "state": null,
              "speed": null,
              "pass": false,
              "fail": false,
              "pending": false,
              "context": null,
              "code": "await driver.sleep(1e3);await driver.quit()",
              "err": {},
              "uuid": "d39de749-33ba-492e-a0ef-ee0ffe40d22d",
              "parentUUID": "dba95c72-3172-4c10-844e-8a2504824e7c",
              "isHook": true,
              "skipped": false
            }
          ],
          "tests": [
            {
              "title": "Infinite scrolling fetching",
              "fullTitle": "Overall page layout test suite Infinite scrolling fetching",
              "timedOut": false,
              "duration": 4207,
              "state": "passed",
              "speed": "slow",
              "pass": true,
              "fail": false,
              "pending": false,
              "context": null,
              "code": "async function scrollAndCheckGrid(){const timeout=2e4;const initialGrid=await getGameCards(driver);await driver.executeScript(\"window.scrollBy(0, 2000);\");await driver.wait(async function(){const afterScrollGrid=await getGameCards(driver);console.log(initialGrid.length);console.log(afterScrollGrid.length);return initialGrid.length<afterScrollGrid.length},timeout);return true}__name(scrollAndCheckGrid,\"scrollAndCheckGrid\");let countResult=await scrollAndCheckGrid();countResult.should.be.true;await driver.sleep(2e3);countResult=await scrollAndCheckGrid();countResult.should.be.true",
              "err": {},
              "uuid": "2bffdd48-986d-4ce5-8867-5ba52edaa4f2",
              "parentUUID": "dba95c72-3172-4c10-844e-8a2504824e7c",
              "isHook": false,
              "skipped": false
            }
          ],
          "suites": [],
          "passes": [
            "2bffdd48-986d-4ce5-8867-5ba52edaa4f2"
          ],
          "failures": [],
          "pending": [],
          "skipped": [],
          "duration": 4207,
          "root": false,
          "rootEmpty": false,
          "_timeout": 0
        }
      ],
      "passes": [],
      "failures": [],
      "pending": [],
      "skipped": [],
      "duration": 0,
      "root": true,
      "rootEmpty": true,
      "_timeout": 0
    }
  ],
  "meta": {
    "mocha": {
      "version": "10.3.0"
    },
    "mochawesome": {
      "options": {
        "quiet": false,
        "reportFilename": "testReport",
        "saveHtml": true,
        "saveJson": true,
        "consoleReporter": "spec",
        "useInlineDiffs": false,
        "code": true
      },
      "version": "7.1.3"
    },
    "marge": {
      "options": {
        "reportDir": "./reports/",
        "reportFilename": "testReport"
      },
      "version": "6.2.0"
    }
  }
}