{
  "stats": {
    "suites": 1,
    "tests": 1,
    "passes": 1,
    "pending": 0,
    "failures": 0,
    "start": "2024-03-25T05:08:41.776Z",
    "end": "2024-03-25T05:08:55.208Z",
    "duration": 13432,
    "testsRegistered": 1,
    "passPercent": 100,
    "pendingPercent": 0,
    "other": 0,
    "hasOther": false,
    "skipped": 0,
    "hasSkipped": false
  },
  "results": [
    {
      "uuid": "a9ed2eb4-6f0f-4295-8db4-7e746a0aecc6",
      "title": "",
      "fullFile": "D:\\Learning\\TestAutomation\\Gamehub\\tests\\homePageLayout.test.ts",
      "file": "\\tests\\homePageLayout.test.ts",
      "beforeHooks": [],
      "afterHooks": [],
      "tests": [],
      "suites": [
        {
          "uuid": "37fee018-0110-40f9-b65f-9db7b18633cd",
          "title": "Overall page layout test suite",
          "fullFile": "D:\\Learning\\TestAutomation\\Gamehub\\tests\\homePageLayout.test.ts",
          "file": "\\tests\\homePageLayout.test.ts",
          "beforeHooks": [
            {
              "title": "\"before each\" hook in \"Overall page layout test suite\"",
              "fullTitle": "Overall page layout test suite \"before each\" hook in \"Overall page layout test suite\"",
              "timedOut": false,
              "duration": 1429,
              "state": null,
              "speed": null,
              "pass": false,
              "fail": false,
              "pending": false,
              "context": null,
              "code": "driver=await new Builder().forBrowser(Browser.CHROME).build();await driver.manage().window().maximize();await driver.get(\"https://game-hub-lac-sigma.vercel.app/\")",
              "err": {},
              "uuid": "da6d76be-8620-48fb-9ff3-068e16440c35",
              "parentUUID": "37fee018-0110-40f9-b65f-9db7b18633cd",
              "isHook": true,
              "skipped": false
            }
          ],
          "afterHooks": [
            {
              "title": "\"after each\" hook in \"Overall page layout test suite\"",
              "fullTitle": "Overall page layout test suite \"after each\" hook in \"Overall page layout test suite\"",
              "timedOut": false,
              "duration": 1041,
              "state": null,
              "speed": null,
              "pass": false,
              "fail": false,
              "pending": false,
              "context": null,
              "code": "await driver.sleep(1e3);await driver.quit()",
              "err": {},
              "uuid": "7bc3cdbf-3977-46a7-854c-2de71712f219",
              "parentUUID": "37fee018-0110-40f9-b65f-9db7b18633cd",
              "isHook": true,
              "skipped": false
            }
          ],
          "tests": [
            {
              "title": "Infinite scrolling fetching",
              "fullTitle": "Overall page layout test suite Infinite scrolling fetching",
              "timedOut": false,
              "duration": 10958,
              "state": "passed",
              "speed": "slow",
              "pass": true,
              "fail": false,
              "pending": false,
              "context": null,
              "code": "async function scrollAndCheckGrid(){const timeout=2e4;const initialGrid=await getGameCards(driver);await driver.executeScript(\"window.scrollBy(0, 2000);\");await driver.wait(async function(){const afterScrollGrid=await getGameCards(driver);return initialGrid.length<afterScrollGrid.length},timeout);return true}__name(scrollAndCheckGrid,\"scrollAndCheckGrid\");for(let i=0;i<4;i++){let countResult=await scrollAndCheckGrid();countResult.should.be.true;await driver.sleep(2e3)}",
              "err": {},
              "uuid": "3b998631-044d-46d9-b28d-8f325b3d2e29",
              "parentUUID": "37fee018-0110-40f9-b65f-9db7b18633cd",
              "isHook": false,
              "skipped": false
            }
          ],
          "suites": [],
          "passes": [
            "3b998631-044d-46d9-b28d-8f325b3d2e29"
          ],
          "failures": [],
          "pending": [],
          "skipped": [],
          "duration": 10958,
          "root": false,
          "rootEmpty": false,
          "_timeout": 0
        }
      ],
      "passes": [],
      "failures": [],
      "pending": [],
      "skipped": [],
      "duration": 0,
      "root": true,
      "rootEmpty": true,
      "_timeout": 0
    }
  ],
  "meta": {
    "mocha": {
      "version": "10.3.0"
    },
    "mochawesome": {
      "options": {
        "quiet": false,
        "reportFilename": "testReport",
        "saveHtml": true,
        "saveJson": true,
        "consoleReporter": "spec",
        "useInlineDiffs": false,
        "code": true
      },
      "version": "7.1.3"
    },
    "marge": {
      "options": {
        "reportDir": "./reports/",
        "reportFilename": "testReport"
      },
      "version": "6.2.0"
    }
  }
}