{
  "stats": {
    "suites": 1,
    "tests": 9,
    "passes": 9,
    "pending": 0,
    "failures": 0,
    "start": "2024-03-22T20:19:42.764Z",
    "end": "2024-03-22T20:20:07.675Z",
    "duration": 24911,
    "testsRegistered": 9,
    "passPercent": 100,
    "pendingPercent": 0,
    "other": 0,
    "hasOther": false,
    "skipped": 0,
    "hasSkipped": false
  },
  "results": [
    {
      "uuid": "c0ca6e91-08e7-4c69-b84f-5fbbe0b3f1f7",
      "title": "",
      "fullFile": "D:\\Learning\\TestAutomation\\Gamehub\\tests\\homePageLayout.test.ts",
      "file": "\\tests\\homePageLayout.test.ts",
      "beforeHooks": [],
      "afterHooks": [],
      "tests": [],
      "suites": [
        {
          "uuid": "bf754465-133d-49a7-bb6d-d0bb8893897d",
          "title": "Overall page layout test suite",
          "fullFile": "D:\\Learning\\TestAutomation\\Gamehub\\tests\\homePageLayout.test.ts",
          "file": "\\tests\\homePageLayout.test.ts",
          "beforeHooks": [
            {
              "title": "\"before each\" hook in \"Overall page layout test suite\"",
              "fullTitle": "Overall page layout test suite \"before each\" hook in \"Overall page layout test suite\"",
              "timedOut": false,
              "duration": 1366,
              "state": null,
              "speed": null,
              "pass": false,
              "fail": false,
              "pending": false,
              "context": null,
              "code": "driver=await new Builder().forBrowser(Browser.CHROME).build();await driver.manage().window().maximize();await driver.get(\"https://game-hub-lac-sigma.vercel.app/\")",
              "err": {},
              "uuid": "688b9b14-d3a4-467f-a5ee-cdb3c0141fa7",
              "parentUUID": "bf754465-133d-49a7-bb6d-d0bb8893897d",
              "isHook": true,
              "skipped": false
            }
          ],
          "afterHooks": [
            {
              "title": "\"after each\" hook in \"Overall page layout test suite\"",
              "fullTitle": "Overall page layout test suite \"after each\" hook in \"Overall page layout test suite\"",
              "timedOut": false,
              "duration": 1052,
              "state": null,
              "speed": null,
              "pass": false,
              "fail": false,
              "pending": false,
              "context": null,
              "code": "await driver.sleep(1e3);await driver.quit()",
              "err": {},
              "uuid": "29f2ee3b-dad4-4423-9bfc-81e14a3d1526",
              "parentUUID": "bf754465-133d-49a7-bb6d-d0bb8893897d",
              "isHook": true,
              "skipped": false
            }
          ],
          "tests": [
            {
              "title": "Page title is correct",
              "fullTitle": "Overall page layout test suite Page title is correct",
              "timedOut": false,
              "duration": 16,
              "state": "passed",
              "speed": "fast",
              "pass": true,
              "fail": false,
              "pending": false,
              "context": null,
              "code": "const title=await driver.getTitle();title.should.equal(\"Game-Hub Part-Two\")",
              "err": {},
              "uuid": "130edfa9-9954-433b-82ad-76fcfc5a3493",
              "parentUUID": "bf754465-133d-49a7-bb6d-d0bb8893897d",
              "isHook": false,
              "skipped": false
            },
            {
              "title": "Page header is correct",
              "fullTitle": "Overall page layout test suite Page header is correct",
              "timedOut": false,
              "duration": 56,
              "state": "passed",
              "speed": "medium",
              "pass": true,
              "fail": false,
              "pending": false,
              "context": null,
              "code": "const header=await getPageHeader(driver);header.should.equal(\"Games\")",
              "err": {},
              "uuid": "e99d7945-a608-48ea-b605-c65ee3f4eee3",
              "parentUUID": "bf754465-133d-49a7-bb6d-d0bb8893897d",
              "isHook": false,
              "skipped": false
            },
            {
              "title": "Page logo is present and interactable",
              "fullTitle": "Overall page layout test suite Page logo is present and interactable",
              "timedOut": false,
              "duration": 286,
              "state": "passed",
              "speed": "slow",
              "pass": true,
              "fail": false,
              "pending": false,
              "context": null,
              "code": "const logo=await driver.findElement(By.css(\"nav.css-134xcib a\"));await driver.wait(until.elementIsVisible(logo),1e4);await logo.click();const currentURL=await driver.getCurrentUrl();currentURL.should.equal(\"https://game-hub-lac-sigma.vercel.app/\")",
              "err": {},
              "uuid": "4ac261ef-2ec7-4d8b-9e93-ef7eca94bdc8",
              "parentUUID": "bf754465-133d-49a7-bb6d-d0bb8893897d",
              "isHook": false,
              "skipped": false
            },
            {
              "title": "Dark / Light mode switch",
              "fullTitle": "Overall page layout test suite Dark / Light mode switch",
              "timedOut": false,
              "duration": 103,
              "state": "passed",
              "speed": "slow",
              "pass": true,
              "fail": false,
              "pending": false,
              "context": null,
              "code": "const modeSwitch=await driver.findElement(By.css(\"nav.css-134xcib button\"));const initialColor=await getRGBcode(driver);await driver.wait(until.elementIsVisible(modeSwitch),1e4);await modeSwitch.click();const newColor=await getRGBcode(driver);if(initialColor===\"26, 32, 44\")newColor.should.equal(\"255, 255, 255\");else newColor.should.equal(\"26, 32, 44\")",
              "err": {},
              "uuid": "919061f3-5329-45af-aeae-6371ac35798d",
              "parentUUID": "bf754465-133d-49a7-bb6d-d0bb8893897d",
              "isHook": false,
              "skipped": false
            },
            {
              "title": "Game grid is populated",
              "fullTitle": "Overall page layout test suite Game grid is populated",
              "timedOut": false,
              "duration": 1786,
              "state": "passed",
              "speed": "slow",
              "pass": true,
              "fail": false,
              "pending": false,
              "context": null,
              "code": "const gameGrid=await getGameCards(driver);gameGrid.forEach(async card=>{const href=await card.getAttribute(\"href\");href.should.not.equal(\"\")})",
              "err": {},
              "uuid": "d84983dc-6bf1-4047-95b9-5b08dc9a523f",
              "parentUUID": "bf754465-133d-49a7-bb6d-d0bb8893897d",
              "isHook": false,
              "skipped": false
            },
            {
              "title": "Genres list is present",
              "fullTitle": "Overall page layout test suite Genres list is present",
              "timedOut": false,
              "duration": 129,
              "state": "passed",
              "speed": "slow",
              "pass": true,
              "fail": false,
              "pending": false,
              "context": null,
              "code": "let genresArray=[];const genres=await getGenresArray(driver);for(let genre of genres){const genreText=await genre.getText();genresArray.push(genreText)}genresArray.should.have.same.deep.members(GENRES)",
              "err": {},
              "uuid": "15238240-e922-4aec-a152-ee772819069e",
              "parentUUID": "bf754465-133d-49a7-bb6d-d0bb8893897d",
              "isHook": false,
              "skipped": false
            },
            {
              "title": "Platform dropdown",
              "fullTitle": "Overall page layout test suite Platform dropdown",
              "timedOut": false,
              "duration": 195,
              "state": "passed",
              "speed": "slow",
              "pass": true,
              "fail": false,
              "pending": false,
              "context": null,
              "code": "let platforms=[];const platformList=await getPlatformsArray(driver);for(let platform of platformList){if(await platform.getText()!=\"\")platforms.push(await platform.getText())}platforms.should.have.same.deep.members(PLATFORMS)",
              "err": {},
              "uuid": "e7187970-cc42-4f2c-b7ac-b3f2e5455ba9",
              "parentUUID": "bf754465-133d-49a7-bb6d-d0bb8893897d",
              "isHook": false,
              "skipped": false
            },
            {
              "title": "Ordering dropdown",
              "fullTitle": "Overall page layout test suite Ordering dropdown",
              "timedOut": false,
              "duration": 122,
              "state": "passed",
              "speed": "slow",
              "pass": true,
              "fail": false,
              "pending": false,
              "context": null,
              "code": "let orders=[];const orderByList=await getOrderArray(driver);for(let order of orderByList){orders.push(await order.getText())}orders.should.have.same.deep.members(ORDERING)",
              "err": {},
              "uuid": "1aa8597f-7a2e-48f1-8f7e-1186040fca99",
              "parentUUID": "bf754465-133d-49a7-bb6d-d0bb8893897d",
              "isHook": false,
              "skipped": false
            },
            {
              "title": "Search bar",
              "fullTitle": "Overall page layout test suite Search bar",
              "timedOut": false,
              "duration": 0,
              "state": "passed",
              "speed": "fast",
              "pass": true,
              "fail": false,
              "pending": false,
              "context": null,
              "code": "",
              "err": {},
              "uuid": "c1441a6c-acda-40e7-9daf-d10d29e44c6a",
              "parentUUID": "bf754465-133d-49a7-bb6d-d0bb8893897d",
              "isHook": false,
              "skipped": false
            }
          ],
          "suites": [],
          "passes": [
            "130edfa9-9954-433b-82ad-76fcfc5a3493",
            "e99d7945-a608-48ea-b605-c65ee3f4eee3",
            "4ac261ef-2ec7-4d8b-9e93-ef7eca94bdc8",
            "919061f3-5329-45af-aeae-6371ac35798d",
            "d84983dc-6bf1-4047-95b9-5b08dc9a523f",
            "15238240-e922-4aec-a152-ee772819069e",
            "e7187970-cc42-4f2c-b7ac-b3f2e5455ba9",
            "1aa8597f-7a2e-48f1-8f7e-1186040fca99",
            "c1441a6c-acda-40e7-9daf-d10d29e44c6a"
          ],
          "failures": [],
          "pending": [],
          "skipped": [],
          "duration": 2693,
          "root": false,
          "rootEmpty": false,
          "_timeout": 0
        }
      ],
      "passes": [],
      "failures": [],
      "pending": [],
      "skipped": [],
      "duration": 0,
      "root": true,
      "rootEmpty": true,
      "_timeout": 0
    }
  ],
  "meta": {
    "mocha": {
      "version": "10.3.0"
    },
    "mochawesome": {
      "options": {
        "quiet": false,
        "reportFilename": "testReport",
        "saveHtml": true,
        "saveJson": true,
        "consoleReporter": "spec",
        "useInlineDiffs": false,
        "code": true
      },
      "version": "7.1.3"
    },
    "marge": {
      "options": {
        "reportDir": "./reports/",
        "reportFilename": "testReport"
      },
      "version": "6.2.0"
    }
  }
}