{
  "stats": {
    "suites": 1,
    "tests": 1,
    "passes": 0,
    "pending": 0,
    "failures": 1,
    "start": "2024-03-22T20:33:01.274Z",
    "end": "2024-03-22T20:33:03.784Z",
    "duration": 2510,
    "testsRegistered": 1,
    "passPercent": 0,
    "pendingPercent": 0,
    "other": 0,
    "hasOther": false,
    "skipped": 0,
    "hasSkipped": false
  },
  "results": [
    {
      "uuid": "b981a301-7085-40d2-be37-62f7a7248c61",
      "title": "",
      "fullFile": "D:\\Learning\\TestAutomation\\Gamehub\\tests\\homePageLayout.test.ts",
      "file": "\\tests\\homePageLayout.test.ts",
      "beforeHooks": [],
      "afterHooks": [],
      "tests": [],
      "suites": [
        {
          "uuid": "d0daaf78-74d7-4d82-b0dc-27e6abd4ac07",
          "title": "Overall page layout test suite",
          "fullFile": "D:\\Learning\\TestAutomation\\Gamehub\\tests\\homePageLayout.test.ts",
          "file": "\\tests\\homePageLayout.test.ts",
          "beforeHooks": [
            {
              "title": "\"before each\" hook in \"Overall page layout test suite\"",
              "fullTitle": "Overall page layout test suite \"before each\" hook in \"Overall page layout test suite\"",
              "timedOut": false,
              "duration": 1378,
              "state": null,
              "speed": null,
              "pass": false,
              "fail": false,
              "pending": false,
              "context": null,
              "code": "driver=await new Builder().forBrowser(Browser.CHROME).build();await driver.manage().window().maximize();await driver.get(\"https://game-hub-lac-sigma.vercel.app/\")",
              "err": {},
              "uuid": "c4b0b6b2-e1a1-4097-9022-882531d811f0",
              "parentUUID": "d0daaf78-74d7-4d82-b0dc-27e6abd4ac07",
              "isHook": true,
              "skipped": false
            }
          ],
          "afterHooks": [
            {
              "title": "\"after each\" hook in \"Overall page layout test suite\"",
              "fullTitle": "Overall page layout test suite \"after each\" hook in \"Overall page layout test suite\"",
              "timedOut": false,
              "duration": 1043,
              "state": null,
              "speed": null,
              "pass": false,
              "fail": false,
              "pending": false,
              "context": null,
              "code": "await driver.sleep(1e3);await driver.quit()",
              "err": {},
              "uuid": "44083bd0-cdf2-4b63-ac3b-956aff61beea",
              "parentUUID": "d0daaf78-74d7-4d82-b0dc-27e6abd4ac07",
              "isHook": true,
              "skipped": false
            }
          ],
          "tests": [
            {
              "title": "Search bar",
              "fullTitle": "Overall page layout test suite Search bar",
              "timedOut": false,
              "duration": 83,
              "state": "failed",
              "speed": null,
              "pass": false,
              "fail": true,
              "pending": false,
              "context": null,
              "code": "const searchBar=await getSearchBar(driver);await searchBar.sendKeys(\"Test string\");const inputValue=await searchBar.getAttribute(\"value\");inputValue.should.equal(\"Test sting\")",
              "err": {
                "message": "AssertionError: expected 'Test string' to equal 'Test sting'",
                "estack": "AssertionError: expected 'Test string' to equal 'Test sting'\n    at Context.<anonymous> (d:\\Learning\\TestAutomation\\Gamehub\\tests\\homePageLayout.test.ts:96:23)\n    at process.processTicksAndRejections (node:internal/process/task_queues:95:5)",
                "diff": "- Test string\n+ Test sting\n"
              },
              "uuid": "882d2024-4e0b-44ba-8e4a-b0cc4c35f953",
              "parentUUID": "d0daaf78-74d7-4d82-b0dc-27e6abd4ac07",
              "isHook": false,
              "skipped": false
            }
          ],
          "suites": [],
          "passes": [],
          "failures": [
            "882d2024-4e0b-44ba-8e4a-b0cc4c35f953"
          ],
          "pending": [],
          "skipped": [],
          "duration": 83,
          "root": false,
          "rootEmpty": false,
          "_timeout": 0
        }
      ],
      "passes": [],
      "failures": [],
      "pending": [],
      "skipped": [],
      "duration": 0,
      "root": true,
      "rootEmpty": true,
      "_timeout": 0
    }
  ],
  "meta": {
    "mocha": {
      "version": "10.3.0"
    },
    "mochawesome": {
      "options": {
        "quiet": false,
        "reportFilename": "testReport",
        "saveHtml": true,
        "saveJson": true,
        "consoleReporter": "spec",
        "useInlineDiffs": false,
        "code": true
      },
      "version": "7.1.3"
    },
    "marge": {
      "options": {
        "reportDir": "./reports/",
        "reportFilename": "testReport"
      },
      "version": "6.2.0"
    }
  }
}