{
  "stats": {
    "suites": 1,
    "tests": 1,
    "passes": 1,
    "pending": 0,
    "failures": 0,
    "start": "2024-03-25T04:46:05.983Z",
    "end": "2024-03-25T04:46:18.644Z",
    "duration": 12661,
    "testsRegistered": 1,
    "passPercent": 100,
    "pendingPercent": 0,
    "other": 0,
    "hasOther": false,
    "skipped": 0,
    "hasSkipped": false
  },
  "results": [
    {
      "uuid": "727c1881-71c2-4abd-b8e1-b446ac00a5b7",
      "title": "",
      "fullFile": "D:\\Learning\\TestAutomation\\Gamehub\\tests\\search.test.ts",
      "file": "\\tests\\search.test.ts",
      "beforeHooks": [],
      "afterHooks": [],
      "tests": [],
      "suites": [
        {
          "uuid": "d4959f6a-c187-4016-b1c6-22c9884bdf88",
          "title": "Filtering games by platform",
          "fullFile": "D:\\Learning\\TestAutomation\\Gamehub\\tests\\search.test.ts",
          "file": "\\tests\\search.test.ts",
          "beforeHooks": [
            {
              "title": "\"before each\" hook in \"Filtering games by platform\"",
              "fullTitle": "Filtering games by platform \"before each\" hook in \"Filtering games by platform\"",
              "timedOut": false,
              "duration": 1482,
              "state": null,
              "speed": null,
              "pass": false,
              "fail": false,
              "pending": false,
              "context": null,
              "code": "driver=await new Builder().forBrowser(Browser.CHROME).build();await driver.manage().window().maximize();await driver.get(\"https://game-hub-lac-sigma.vercel.app/\");searchBar=await getSearchBar(driver)",
              "err": {},
              "uuid": "fac58957-6e23-4df2-a8ab-e55c823fd012",
              "parentUUID": "d4959f6a-c187-4016-b1c6-22c9884bdf88",
              "isHook": true,
              "skipped": false
            }
          ],
          "afterHooks": [
            {
              "title": "\"after each\" hook in \"Filtering games by platform\"",
              "fullTitle": "Filtering games by platform \"after each\" hook in \"Filtering games by platform\"",
              "timedOut": false,
              "duration": 1042,
              "state": null,
              "speed": null,
              "pass": false,
              "fail": false,
              "pending": false,
              "context": null,
              "code": "await driver.sleep(1e3);await driver.quit()",
              "err": {},
              "uuid": "7afb154d-acdd-4d20-af0a-732c7184cabc",
              "parentUUID": "d4959f6a-c187-4016-b1c6-22c9884bdf88",
              "isHook": true,
              "skipped": false
            }
          ],
          "tests": [
            {
              "title": "Search results match search input",
              "fullTitle": "Filtering games by platform Search results match search input",
              "timedOut": false,
              "duration": 10132,
              "state": "passed",
              "speed": "slow",
              "pass": true,
              "fail": false,
              "pending": false,
              "context": null,
              "code": "for(const input of searchInputs){await searchBar.sendKeys(input);await driver.sleep(1e3);const newGameTitles=await getGameCardsTitles(driver);const containsInputValue=newGameTitles.every(str=>str.toLowerCase().includes(input.toLowerCase()));containsInputValue.should.be.true;await searchBar.clear()}",
              "err": {},
              "uuid": "d6196e12-f06e-4f63-befd-c8b8bcd0875b",
              "parentUUID": "d4959f6a-c187-4016-b1c6-22c9884bdf88",
              "isHook": false,
              "skipped": false
            }
          ],
          "suites": [],
          "passes": [
            "d6196e12-f06e-4f63-befd-c8b8bcd0875b"
          ],
          "failures": [],
          "pending": [],
          "skipped": [],
          "duration": 10132,
          "root": false,
          "rootEmpty": false,
          "_timeout": 0
        }
      ],
      "passes": [],
      "failures": [],
      "pending": [],
      "skipped": [],
      "duration": 0,
      "root": true,
      "rootEmpty": true,
      "_timeout": 0
    }
  ],
  "meta": {
    "mocha": {
      "version": "10.3.0"
    },
    "mochawesome": {
      "options": {
        "quiet": false,
        "reportFilename": "testReport",
        "saveHtml": true,
        "saveJson": true,
        "consoleReporter": "spec",
        "useInlineDiffs": false,
        "code": true
      },
      "version": "7.1.3"
    },
    "marge": {
      "options": {
        "reportDir": "./reports/",
        "reportFilename": "testReport"
      },
      "version": "6.2.0"
    }
  }
}